<?xml version="1.0" encoding="UTF-8"?>
<coverage generated="1634116461842" clover="3.2.0">
  <project timestamp="1634116461843" name="All files">
    <metrics statements="8" coveredstatements="8" conditionals="4" coveredconditionals="4" methods="1" coveredmethods="1" elements="13" coveredelements="13" complexity="0" loc="8" ncloc="8" packages="2" files="2" classes="2"/>
    <package name="cucumber-training">
      <metrics statements="4" coveredstatements="4" conditionals="0" coveredconditionals="0" methods="0" coveredmethods="0"/>
      <file name="cucumber.js" path="/root/repos/courses/cucumber-training/cucumber.js">
        <metrics statements="4" coveredstatements="4" conditionals="0" coveredconditionals="0" methods="0" coveredmethods="0"/>
        <line num="1" count="1" type="stmt"/>
        <line num="3" count="1" type="stmt"/>
        <line num="6" count="1" type="stmt"/>
        <line num="31" count="1" type="stmt"/>
      </file>
    </package>
    <package name="cucumber-training.src">
      <metrics statements="4" coveredstatements="4" conditionals="4" coveredconditionals="4" methods="1" coveredmethods="1"/>
      <file name="calculadora.ts" path="/root/repos/courses/cucumber-training/src/calculadora.ts">
        <metrics statements="4" coveredstatements="4" conditionals="4" coveredconditionals="4" methods="1" coveredmethods="1"/>
        <line num="6" count="16" type="cond" truecount="4" falsecount="0"/>
        <line num="7" count="12" type="stmt"/>
        <line num="9" count="4" type="stmt"/>
        <line num="16" count="1" type="stmt"/>
      </file>
    </package>
  </project>
</coverage>
